#
# There is insufficient memory for the Java Runtime Environment to continue.
# Native memory allocation (mmap) failed to map 536870912 bytes for G1 virtual space
# Possible reasons:
#   The system is out of physical RAM or swap space
#   The process is running with CompressedOops enabled, and the Java Heap may be blocking the growth of the native heap
# Possible solutions:
#   Reduce memory load on the system
#   Increase physical memory or swap space
#   Check if swap backing store is full
#   Decrease Java heap size (-Xmx/-Xms)
#   Decrease number of Java threads
#   Decrease Java thread stack sizes (-Xss)
#   Set larger code cache with -XX:ReservedCodeCacheSize=
#   JVM is running with Zero Based Compressed Oops mode in which the Java heap is
#     placed in the first 32GB address space. The Java Heap base address is the
#     maximum limit for the native heap growth. Please use -XX:HeapBaseMinAddress
#     to set the Java Heap base and to place the Java Heap above 32GB virtual address.
# This output file may be truncated or incomplete.
#
#  Out of Memory Error (os_windows.cpp:3466), pid=23144, tid=6408
#
# JRE version:  (16.0.1+9) (build )
# Java VM: OpenJDK 64-Bit Server VM (16.0.1+9-24, mixed mode, sharing, tiered, compressed oops, compressed class ptrs, g1 gc, windows-amd64)
# No core dump will be written. Minidumps are not enabled by default on client versions of Windows
#

---------------  S U M M A R Y ------------

Command Line: -Dfile.encoding=UTF-8 -XX:+ShowCodeDetailsInExceptionMessages Main

Host: Intel(R) Core(TM) i7-10700K CPU @ 3.80GHz, 16 cores, 31G,  Windows 10 , 64 bit Build 19041 (10.0.19041.1889)
Time: Thu Aug 18 13:35:48 2022  Windows 10 , 64 bit Build 19041 (10.0.19041.1889) elapsed time: 0.005145 seconds (0d 0h 0m 0s)

---------------  T H R E A D  ---------------

Current thread (0x00000297e546b5d0):  JavaThread "Unknown thread" [_thread_in_vm, id=6408, stack(0x000000e93d500000,0x000000e93d600000)]

Stack: [0x000000e93d500000,0x000000e93d600000]
Native frames: (J=compiled Java code, j=interpreted, Vv=VM code, C=native code)
V  [jvm.dll+0x6687ca]
V  [jvm.dll+0x7ca3c9]
V  [jvm.dll+0x7cbb53]
V  [jvm.dll+0x7cc1b3]
V  [jvm.dll+0x242ea5]
V  [jvm.dll+0x665589]
V  [jvm.dll+0x65a175]
V  [jvm.dll+0x2fc5ab]
V  [jvm.dll+0x3037a6]
V  [jvm.dll+0x352fee]
V  [jvm.dll+0x35321f]
V  [jvm.dll+0x2d3618]
V  [jvm.dll+0x2d4854]
V  [jvm.dll+0x79ccb1]
V  [jvm.dll+0x360de1]
V  [jvm.dll+0x77a990]
V  [jvm.dll+0x3e55af]
V  [jvm.dll+0x3e7081]
C  [jli.dll+0x52fb]
C  [ucrtbase.dll+0x21bb2]
C  [KERNEL32.DLL+0x17034]
C  [ntdll.dll+0x52651]


---------------  P R O C E S S  ---------------

Threads class SMR info:
_java_thread_list=0x00007ffa7666cbb8, length=0, elements={
}

Java Threads: ( => current thread )

Other Threads:
  0x00000297e54de100 GCTaskThread "GC Thread#0" [stack: 0x000000e93d600000,0x000000e93d700000] [id=23936]
  0x00000297e54ef960 ConcurrentGCThread "G1 Main Marker" [stack: 0x000000e93d700000,0x000000e93d800000] [id=22740]
  0x00000297e54f1460 ConcurrentGCThread "G1 Conc#0" [stack: 0x000000e93d800000,0x000000e93d900000] [id=7268]

[error occurred during error reporting (printing all threads), id 0xc0000005, EXCEPTION_ACCESS_VIOLATION (0xc0000005) at pc=0x00007ffa75e444d7]

VM state: not at safepoint (not fully initialized)

VM Mutex/Monitor currently owned by a thread:  ([mutex/lock_event])
[0x00000297e54677f0] Heap_lock - owner thread: 0x00000297e546b5d0

Heap address: 0x0000000601000000, size: 8176 MB, Compressed Oops mode: Zero based, Oop shift amount: 3

CDS archive(s) mapped at: [0x0000000000000000-0x0000000000000000-0x0000000000000000), size 0, SharedBaseAddress: 0x0000000800000000, ArchiveRelocationMode: 0.
Narrow klass base: 0x0000000000000000, Narrow klass shift: 0, Narrow klass range: 0x0

GC Precious Log:
<Empty>

Heap:
 garbage-first heap   total 0K, used 0K [0x0000000601000000, 0x0000000800000000)
  region size 4096K, 0 young (0K), 0 survivors (0K)

[error occurred during error reporting (printing heap information), id 0xc0000005, EXCEPTION_ACCESS_VIOLATION (0xc0000005) at pc=0x00007ffa762224ed]

GC Heap History (0 events):
No events

Deoptimization events (0 events):
No events

Classes unloaded (0 events):
No events

Classes redefined (0 events):
No events

Internal exceptions (0 events):
No events

Events (1 events):
Event: 0.003 Loaded shared library C:\Users\fla90\Downloads\eclipse\plugins\org.eclipse.justj.openjdk.hotspot.jre.full.win32.x86_64_16.0.1.v20210528-1205\jre\bin\java.dll


Dynamic libraries:
0x00007ff737540000 - 0x00007ff73754e000 	C:\Users\fla90\Downloads\eclipse\plugins\org.eclipse.justj.openjdk.hotspot.jre.full.win32.x86_64_16.0.1.v20210528-1205\jre\bin\javaw.exe
0x00007ffadc1d0000 - 0x00007ffadc3c8000 	C:\WINDOWS\SYSTEM32\ntdll.dll
0x00007ffadc0d0000 - 0x00007ffadc18d000 	C:\WINDOWS\System32\KERNEL32.DLL
0x00007ffad9b70000 - 0x00007ffad9e3e000 	C:\WINDOWS\System32\KERNELBASE.dll
0x00007ffad9fd0000 - 0x00007ffada0d0000 	C:\WINDOWS\System32\ucrtbase.dll
0x00007ffac3af0000 - 0x00007ffac3b08000 	C:\Users\fla90\Downloads\eclipse\plugins\org.eclipse.justj.openjdk.hotspot.jre.full.win32.x86_64_16.0.1.v20210528-1205\jre\bin\jli.dll
0x00007ffac3a90000 - 0x00007ffac3aa9000 	C:\Users\fla90\Downloads\eclipse\plugins\org.eclipse.justj.openjdk.hotspot.jre.full.win32.x86_64_16.0.1.v20210528-1205\jre\bin\VCRUNTIME140.dll
0x00007ffada580000 - 0x00007ffada720000 	C:\WINDOWS\System32\USER32.dll
0x00007ffac68a0000 - 0x00007ffac6b3a000 	C:\WINDOWS\WinSxS\amd64_microsoft.windows.common-controls_6595b64144ccf1df_6.0.19041.1110_none_60b5254171f9507e\COMCTL32.dll
0x00007ffad9fa0000 - 0x00007ffad9fc2000 	C:\WINDOWS\System32\win32u.dll
0x00007ffada390000 - 0x00007ffada3ba000 	C:\WINDOWS\System32\GDI32.dll
0x00007ffadb960000 - 0x00007ffadb9fe000 	C:\WINDOWS\System32\msvcrt.dll
0x00007ffada120000 - 0x00007ffada22b000 	C:\WINDOWS\System32\gdi32full.dll
0x00007ffad99f0000 - 0x00007ffad9a8d000 	C:\WINDOWS\System32\msvcp_win.dll
0x00007ffada230000 - 0x00007ffada260000 	C:\WINDOWS\System32\IMM32.DLL
0x00007ffac5d10000 - 0x00007ffac5d1c000 	C:\Users\fla90\Downloads\eclipse\plugins\org.eclipse.justj.openjdk.hotspot.jre.full.win32.x86_64_16.0.1.v20210528-1205\jre\bin\vcruntime140_1.dll
0x00007ffac2aa0000 - 0x00007ffac2b31000 	C:\Users\fla90\Downloads\eclipse\plugins\org.eclipse.justj.openjdk.hotspot.jre.full.win32.x86_64_16.0.1.v20210528-1205\jre\bin\msvcp140.dll
0x00007ffa75b60000 - 0x00007ffa7670b000 	C:\Users\fla90\Downloads\eclipse\plugins\org.eclipse.justj.openjdk.hotspot.jre.full.win32.x86_64_16.0.1.v20210528-1205\jre\bin\server\jvm.dll
0x00007ffadbf90000 - 0x00007ffadc03e000 	C:\WINDOWS\System32\ADVAPI32.dll
0x00007ffadafb0000 - 0x00007ffadb04c000 	C:\WINDOWS\System32\sechost.dll
0x00007ffadbcd0000 - 0x00007ffadbdf5000 	C:\WINDOWS\System32\RPCRT4.dll
0x00007ffadc040000 - 0x00007ffadc048000 	C:\WINDOWS\System32\PSAPI.DLL
0x00007ffac66f0000 - 0x00007ffac66f9000 	C:\WINDOWS\SYSTEM32\WSOCK32.dll
0x00007ffacd6d0000 - 0x00007ffacd6f7000 	C:\WINDOWS\SYSTEM32\WINMM.dll
0x00007ffad4f40000 - 0x00007ffad4f4a000 	C:\WINDOWS\SYSTEM32\VERSION.dll
0x00007ffadbc60000 - 0x00007ffadbccb000 	C:\WINDOWS\System32\WS2_32.dll
0x00007ffad7810000 - 0x00007ffad7822000 	C:\WINDOWS\SYSTEM32\kernel.appcore.dll
0x00007ffad41d0000 - 0x00007ffad41da000 	C:\Users\fla90\Downloads\eclipse\plugins\org.eclipse.justj.openjdk.hotspot.jre.full.win32.x86_64_16.0.1.v20210528-1205\jre\bin\jimage.dll
0x00007ffad3f90000 - 0x00007ffad4174000 	C:\WINDOWS\SYSTEM32\DBGHELP.DLL
0x00007ffad3f60000 - 0x00007ffad3f8c000 	C:\WINDOWS\SYSTEM32\dbgcore.DLL
0x00007ffad9960000 - 0x00007ffad99e2000 	C:\WINDOWS\System32\bcryptPrimitives.dll
0x00007ffad0da0000 - 0x00007ffad0dc5000 	C:\Users\fla90\Downloads\eclipse\plugins\org.eclipse.justj.openjdk.hotspot.jre.full.win32.x86_64_16.0.1.v20210528-1205\jre\bin\java.dll

dbghelp: loaded successfully - version: 4.0.5 - missing functions: none
symbol engine: initialized successfully - sym options: 0x614 - pdb path: .;C:\Users\fla90\Downloads\eclipse\plugins\org.eclipse.justj.openjdk.hotspot.jre.full.win32.x86_64_16.0.1.v20210528-1205\jre\bin;C:\WINDOWS\SYSTEM32;C:\WINDOWS\WinSxS\amd64_microsoft.windows.common-controls_6595b64144ccf1df_6.0.19041.1110_none_60b5254171f9507e;C:\Users\fla90\Downloads\eclipse\plugins\org.eclipse.justj.openjdk.hotspot.jre.full.win32.x86_64_16.0.1.v20210528-1205\jre\bin\server

VM Arguments:
jvm_args: -Dfile.encoding=UTF-8 -XX:+ShowCodeDetailsInExceptionMessages 
java_command: Main
java_class_path (initial): C:\Users\fla90\OneDrive\πŸ≈¡ »≠∏È\workspace_git\HOSPITAL_mini_project\out\production\jdbc-test;C:\Users\fla90\OneDrive\πŸ≈¡ »≠∏È\workspace_git\HOSPITAL_mini_project\lib\ojdbc6.jar
Launcher Type: SUN_STANDARD

[Global flags]
     intx CICompilerCount                          = 12                                        {product} {ergonomic}
     uint ConcGCThreads                            = 3                                         {product} {ergonomic}
     uint G1ConcRefinementThreads                  = 13                                        {product} {ergonomic}
   size_t G1HeapRegionSize                         = 4194304                                   {product} {ergonomic}
    uintx GCDrainStackTargetSize                   = 64                                        {product} {ergonomic}
   size_t InitialHeapSize                          = 536870912                                 {product} {ergonomic}
   size_t MarkStackSize                            = 4194304                                   {product} {ergonomic}
   size_t MaxHeapSize                              = 8573157376                                {product} {ergonomic}
   size_t MinHeapDeltaBytes                        = 4194304                                   {product} {ergonomic}
   size_t MinHeapSize                              = 8388608                                   {product} {ergonomic}
    uintx NonNMethodCodeHeapSize                   = 7602480                                {pd product} {ergonomic}
    uintx NonProfiledCodeHeapSize                  = 122027880                              {pd product} {ergonomic}
    uintx ProfiledCodeHeapSize                     = 122027880                              {pd product} {ergonomic}
    uintx ReservedCodeCacheSize                    = 251658240                              {pd product} {ergonomic}
     bool SegmentedCodeCache                       = true                                      {product} {ergonomic}
     bool ShowCodeDetailsInExceptionMessages       = true                                   {manageable} {command line}
   size_t SoftMaxHeapSize                          = 8573157376                             {manageable} {ergonomic}
     bool UseCompressedClassPointers               = true                           {product lp64_product} {ergonomic}
     bool UseCompressedOops                        = true                           {product lp64_product} {ergonomic}
     bool UseG1GC                                  = true                                      {product} {ergonomic}
     bool UseLargePagesIndividualAllocation        = false                                  {pd product} {ergonomic}

Logging:
Log output configuration:
 #0: stdout all=warning uptime,level,tags
 #1: stderr all=off uptime,level,tags

Environment Variables:
JAVA_HOME=C:\Program Files\Java\jdk-11.0.2
PATH=C:/Users/fla90/Downloads/eclipse//plugins/org.eclipse.justj.openjdk.hotspot.jre.full.win32.x86_64_16.0.1.v20210528-1205/jre/bin/server;C:/Users/fla90/Downloads/eclipse//plugins/org.eclipse.justj.openjdk.hotspot.jre.full.win32.x86_64_16.0.1.v20210528-1205/jre/bin;C:\oraclexe\app\oracle\product\11.2.0\server\bin;C:\Program Files (x86)\VMware\VMware Workstation\bin\;C:\Windows\system32;C:\Windows;C:\Windows\System32\Wbem;C:\Windows\System32\WindowsPowerShell\v1.0\;C:\Windows\System32\OpenSSH\;C:\Program Files (x86)\NVIDIA Corporation\PhysX\Common;C:\Program Files\Bandizip\;C:\Program Files\Java\jdk-11.0.2\bin;C:\Users\fla90\AppData\Local\Microsoft\WindowsApps;C:\Users\fla90\AppData\Local\Programs\Git\cmd;C:\Users\fla90\AppData\Local\GitHubDesktop\bin;C:\Users\fla90\Downloads\eclipse;
USERNAME=fla90
OS=Windows_NT
PROCESSOR_IDENTIFIER=Intel64 Family 6 Model 165 Stepping 5, GenuineIntel



---------------  S Y S T E M  ---------------

OS:
 Windows 10 , 64 bit Build 19041 (10.0.19041.1889)
OS uptime: 7 days 11:37 hours

CPU: total 16 (initial active 16) (8 cores per cpu, 2 threads per core) family 6 model 165 stepping 5 microcode 0xca, cx8, cmov, fxsr, ht, mmx, 3dnowpref, sse, sse2, sse3, ssse3, sse4.1, sse4.2, popcnt, lzcnt, tsc, tscinvbit, avx, avx2, aes, erms, clmul, bmi1, bmi2, adx, fma, vzeroupper, clflush, clflushopt

Memory: 4k page, system-wide physical 32700M (17824M free)
TotalPageFile size 61794M (AvailPageFile size 178M)
current process WorkingSet (physical memory assigned to process): 10M, peak: 10M
current process commit charge ("private bytes"): 70M, peak: 582M

vm_info: OpenJDK 64-Bit Server VM (16.0.1+9-24) for windows-amd64 JRE (16.0.1+9-24), built on Mar 26 2021 19:30:07 by "mach5one" with MS VC++ 16.7 (VS2019)

END.
